[2024-02-07 18:38:18,901] [INFO] => Запускаю получение данных из конфига
[2024-02-07 18:38:18,901] [DEBUG] => Пытаюсь открыть файл конфигурации
[2024-02-07 18:38:18,902] [DEBUG] => Открыл файл конфигурации
[2024-02-07 18:38:18,902] [DEBUG] => Пытаюсь прочесть данные из файла конфигурации
[2024-02-07 18:38:18,902] [DEBUG] => Прочел данные из файла конфигурации
[2024-02-07 18:38:18,902] [INFO] => Данные из конфига получены
[2024-02-07 18:38:18,902] [INFO] => Пытаюсь подключится к redis
[2024-02-07 18:38:18,902] [DEBUG] => Пытаюсь создать подключение к redis
[2024-02-07 18:38:18,902] [DEBUG] => Создал подключение к redis
[2024-02-07 18:38:18,903] [INFO] => Соединение с redis установлено
[2024-02-07 18:38:18,903] [DEBUG] => Пытаюсь прочесть курс валюты из redis
[2024-02-07 18:38:18,907] [DEBUG] => Пытаюсь прочесть курс валюты из redis
[2024-02-07 18:38:18,908] [INFO] => None, None, из redis
[2024-02-07 18:38:18,908] [INFO] => Пытаюсь подключится к базе
[2024-02-07 18:38:18,908] [DEBUG] => Пытаюсь создать подключение к БД
[2024-02-07 18:38:18,928] [DEBUG] => Создал подключение к БД
[2024-02-07 18:38:18,928] [INFO] => Создал подключение к БД
[2024-02-07 18:38:18,928] [INFO] => Пытаюсь получить курс первой валюты из базы
[2024-02-07 18:38:18,928] [DEBUG] => Пытаюсь получить сегодняшнюю дату
[2024-02-07 18:38:18,928] [DEBUG] => Получил сегодняшнюю дату
[2024-02-07 18:38:18,929] [DEBUG] => Пытаюсь получить последнюю дату в БД
[2024-02-07 18:38:18,929] [DEBUG] => Получил последнюю дату в БД
[2024-02-07 18:38:18,929] [DEBUG] => Скорректировал дату для запроса
[2024-02-07 18:38:18,929] [DEBUG] => Пытаюсь создать запрос к БД на получение курса валюты
[2024-02-07 18:38:18,930] [DEBUG] => Создал запрос к БД на получение курса валюты
[2024-02-07 18:38:18,930] [DEBUG] => Пытаюсь получить курс валюты из результатов запроса
[2024-02-07 18:38:18,930] [DEBUG] => Получил курс валюты из результатов запроса
[2024-02-07 18:38:18,930] [INFO] => Получил курс первой валюты из базы
[2024-02-07 18:38:18,930] [INFO] => Пытаюсь записать первую валюту в redis
[2024-02-07 18:38:18,930] [DEBUG] => Пытаюсь записать курс валюты в redis
[2024-02-07 18:38:18,931] [DEBUG] => Записал курс валюты в redis
[2024-02-07 18:38:18,931] [INFO] => Записал первую валюту в redis
[2024-02-07 18:38:18,931] [INFO] => Пытаюсь получить курс второй валюты из базы
[2024-02-07 18:38:18,931] [DEBUG] => Пытаюсь получить сегодняшнюю дату
[2024-02-07 18:38:18,931] [DEBUG] => Получил сегодняшнюю дату
[2024-02-07 18:38:18,931] [DEBUG] => Пытаюсь получить последнюю дату в БД
[2024-02-07 18:38:18,932] [DEBUG] => Получил последнюю дату в БД
[2024-02-07 18:38:18,932] [DEBUG] => Скорректировал дату для запроса
[2024-02-07 18:38:18,932] [DEBUG] => Пытаюсь создать запрос к БД на получение курса валюты
[2024-02-07 18:38:18,932] [DEBUG] => Создал запрос к БД на получение курса валюты
[2024-02-07 18:38:18,932] [DEBUG] => Пытаюсь получить курс валюты из результатов запроса
[2024-02-07 18:38:18,932] [DEBUG] => Получил курс валюты из результатов запроса
[2024-02-07 18:38:18,932] [INFO] => Получил курс второй валюты из базы
[2024-02-07 18:38:18,932] [INFO] => Пытаюсь записать вторую валюту в redis
[2024-02-07 18:38:18,933] [DEBUG] => Пытаюсь записать курс валюты в redis
[2024-02-07 18:38:18,933] [DEBUG] => Записал курс валюты в redis
[2024-02-07 18:38:18,933] [INFO] => Записал вторую валюту в redis
[2024-02-07 18:38:18,933] [INFO] => Пытаюсь посчитать количество валюты на руки
[2024-02-07 18:38:18,933] [INFO] => Посчитал количество валюты на руки
[2024-02-07 18:44:42,853] [INFO] => Запускаю получение данных из конфига
[2024-02-07 18:44:42,854] [DEBUG] => Пытаюсь открыть файл конфигурации
[2024-02-07 18:44:42,854] [DEBUG] => Открыл файл конфигурации
[2024-02-07 18:44:42,854] [DEBUG] => Пытаюсь прочесть данные из файла конфигурации
[2024-02-07 18:44:42,854] [DEBUG] => Прочел данные из файла конфигурации
[2024-02-07 18:44:42,854] [INFO] => Данные из конфига получены
[2024-02-07 18:44:42,854] [INFO] => Пытаюсь подключится к redis
[2024-02-07 18:44:42,855] [DEBUG] => Пытаюсь создать подключение к redis
[2024-02-07 18:44:42,855] [DEBUG] => Создал подключение к redis
[2024-02-07 18:44:42,855] [INFO] => Соединение с redis установлено
[2024-02-07 18:44:42,855] [DEBUG] => Пытаюсь прочесть курс валюты из redis
[2024-02-07 18:44:42,857] [DEBUG] => Пытаюсь прочесть курс валюты из redis
[2024-02-07 18:44:42,858] [INFO] => None, None, из redis
[2024-02-07 18:44:42,858] [INFO] => Пытаюсь подключится к базе
[2024-02-07 18:44:42,858] [DEBUG] => Пытаюсь создать подключение к БД
[2024-02-07 18:44:42,870] [DEBUG] => Создал подключение к БД
[2024-02-07 18:44:42,870] [INFO] => Создал подключение к БД
[2024-02-07 18:44:42,870] [INFO] => Пытаюсь получить курс первой валюты из базы
[2024-02-07 18:44:42,870] [DEBUG] => Пытаюсь получить сегодняшнюю дату
[2024-02-07 18:44:42,871] [DEBUG] => Получил сегодняшнюю дату
[2024-02-07 18:44:42,871] [DEBUG] => Пытаюсь получить последнюю дату в БД
[2024-02-07 18:44:42,871] [DEBUG] => Получил последнюю дату в БД
[2024-02-07 18:44:42,871] [DEBUG] => Скорректировал дату для запроса
[2024-02-07 18:44:42,871] [DEBUG] => Пытаюсь создать запрос к БД на получение курса валюты
[2024-02-07 18:44:42,872] [DEBUG] => Создал запрос к БД на получение курса валюты
[2024-02-07 18:44:42,872] [DEBUG] => Пытаюсь получить курс валюты из результатов запроса
[2024-02-07 18:44:42,872] [DEBUG] => Получил курс валюты из результатов запроса
[2024-02-07 18:44:42,872] [INFO] => Получил курс первой валюты из базы
[2024-02-07 18:44:42,872] [INFO] => Пытаюсь записать первую валюту в redis
[2024-02-07 18:44:42,872] [DEBUG] => Пытаюсь записать курс валюты в redis
[2024-02-07 18:44:42,873] [DEBUG] => Записал курс валюты в redis
[2024-02-07 18:44:42,873] [INFO] => Записал первую валюту в redis
[2024-02-07 18:44:42,873] [INFO] => Пытаюсь получить курс второй валюты из базы
[2024-02-07 18:44:42,873] [DEBUG] => Пытаюсь получить сегодняшнюю дату
[2024-02-07 18:44:42,873] [DEBUG] => Получил сегодняшнюю дату
[2024-02-07 18:44:42,873] [DEBUG] => Пытаюсь получить последнюю дату в БД
[2024-02-07 18:44:42,874] [DEBUG] => Получил последнюю дату в БД
[2024-02-07 18:44:42,874] [DEBUG] => Скорректировал дату для запроса
[2024-02-07 18:44:42,874] [DEBUG] => Пытаюсь создать запрос к БД на получение курса валюты
[2024-02-07 18:44:42,875] [DEBUG] => Создал запрос к БД на получение курса валюты
[2024-02-07 18:44:42,875] [DEBUG] => Пытаюсь получить курс валюты из результатов запроса
[2024-02-07 18:44:42,875] [DEBUG] => Получил курс валюты из результатов запроса
[2024-02-07 18:44:42,875] [INFO] => Получил курс второй валюты из базы
[2024-02-07 18:44:42,875] [INFO] => Пытаюсь записать вторую валюту в redis
[2024-02-07 18:44:42,875] [DEBUG] => Пытаюсь записать курс валюты в redis
[2024-02-07 18:44:42,875] [DEBUG] => Записал курс валюты в redis
[2024-02-07 18:44:42,875] [INFO] => Записал вторую валюту в redis
[2024-02-07 18:44:42,876] [INFO] => Пытаюсь посчитать количество валюты на руки
[2024-02-07 18:44:42,876] [INFO] => Посчитал количество валюты на руки
[2024-02-07 18:44:53,892] [INFO] => Запускаю получение данных из конфига
[2024-02-07 18:44:53,892] [DEBUG] => Пытаюсь открыть файл конфигурации
[2024-02-07 18:44:53,893] [DEBUG] => Открыл файл конфигурации
[2024-02-07 18:44:53,894] [DEBUG] => Пытаюсь прочесть данные из файла конфигурации
[2024-02-07 18:44:53,894] [DEBUG] => Прочел данные из файла конфигурации
[2024-02-07 18:44:53,894] [INFO] => Данные из конфига получены
[2024-02-07 18:44:53,894] [INFO] => Пытаюсь подключится к redis
[2024-02-07 18:44:53,894] [DEBUG] => Пытаюсь создать подключение к redis
[2024-02-07 18:44:53,895] [DEBUG] => Создал подключение к redis
[2024-02-07 18:44:53,895] [INFO] => Соединение с redis установлено
[2024-02-07 18:44:53,895] [DEBUG] => Пытаюсь прочесть курс валюты из redis
[2024-02-07 18:44:53,898] [DEBUG] => Прочел курс валюты из redis
[2024-02-07 18:44:53,898] [DEBUG] => Пытаюсь прочесть курс валюты из redis
[2024-02-07 18:44:53,898] [DEBUG] => Прочел курс валюты из redis
[2024-02-07 18:44:53,898] [INFO] => 91.151, 98.094, из redis
[2024-02-07 18:44:53,899] [INFO] => Пытаюсь посчитать количество валюты на руки
[2024-02-07 18:44:53,899] [INFO] => Посчитал количество валюты на руки
[2024-02-09 18:46:32,122] [INFO] => Запускаю получение данных из конфига
[2024-02-09 18:46:32,123] [DEBUG] => Пытаюсь открыть файл конфигурации
[2024-02-09 18:46:32,124] [DEBUG] => Открыл файл конфигурации
[2024-02-09 18:46:32,124] [DEBUG] => Пытаюсь прочесть данные из файла конфигурации
[2024-02-09 18:46:32,124] [DEBUG] => Прочел данные из файла конфигурации
[2024-02-09 18:46:32,124] [INFO] => Данные из конфига получены
[2024-02-09 18:46:32,124] [INFO] => Пытаюсь подключится к redis
[2024-02-09 18:46:32,124] [DEBUG] => Пытаюсь создать подключение к redis
[2024-02-09 18:46:32,124] [DEBUG] => Создал подключение к redis
[2024-02-09 18:46:32,124] [INFO] => Соединение с redis установлено
[2024-02-09 18:46:32,124] [DEBUG] => Пытаюсь прочесть курс валюты из redis
[2024-02-09 18:46:32,127] [DEBUG] => Пытаюсь прочесть курс валюты из redis
[2024-02-09 18:46:32,127] [INFO] => None, None, из redis
[2024-02-09 18:46:32,127] [INFO] => Пытаюсь подключится к базе
[2024-02-09 18:46:32,128] [DEBUG] => Пытаюсь создать подключение к БД
[2024-02-09 18:46:32,129] [DEBUG] => Создал подключение к БД
[2024-02-09 18:46:32,129] [INFO] => Создал подключение к БД
[2024-02-09 18:46:32,129] [INFO] => Пытаюсь получить курс первой валюты из базы
[2024-02-09 18:46:32,129] [DEBUG] => Пытаюсь получить сегодняшнюю дату
[2024-02-09 18:46:32,129] [DEBUG] => Получил сегодняшнюю дату
[2024-02-09 18:46:32,129] [DEBUG] => Пытаюсь получить последнюю дату в БД
[2024-02-09 18:46:32,132] [DEBUG] => Получил последнюю дату в БД
[2024-02-09 18:46:32,132] [DEBUG] => Скорректировал дату для запроса
[2024-02-09 18:46:32,132] [DEBUG] => Пытаюсь создать запрос к БД на получение курса валюты
[2024-02-09 18:46:32,134] [DEBUG] => Создал запрос к БД на получение курса валюты
[2024-02-09 18:46:32,134] [DEBUG] => Пытаюсь получить курс валюты из результатов запроса
[2024-02-09 18:46:32,134] [DEBUG] => Получил курс валюты из результатов запроса
[2024-02-09 18:46:32,134] [INFO] => Получил курс первой валюты из базы
[2024-02-09 18:46:32,134] [INFO] => Пытаюсь записать первую валюту в redis
[2024-02-09 18:46:32,134] [DEBUG] => Пытаюсь записать курс валюты в redis
[2024-02-09 18:46:32,136] [DEBUG] => Записал курс валюты в redis
[2024-02-09 18:46:32,136] [INFO] => Записал первую валюту в redis
[2024-02-09 18:46:32,136] [INFO] => Пытаюсь получить курс второй валюты из базы
[2024-02-09 18:46:32,136] [DEBUG] => Пытаюсь получить сегодняшнюю дату
[2024-02-09 18:46:32,136] [DEBUG] => Получил сегодняшнюю дату
[2024-02-09 18:46:32,136] [DEBUG] => Пытаюсь получить последнюю дату в БД
[2024-02-09 18:46:32,137] [DEBUG] => Получил последнюю дату в БД
[2024-02-09 18:46:32,137] [DEBUG] => Скорректировал дату для запроса
[2024-02-09 18:46:32,137] [DEBUG] => Пытаюсь создать запрос к БД на получение курса валюты
[2024-02-09 18:46:32,137] [DEBUG] => Создал запрос к БД на получение курса валюты
[2024-02-09 18:46:32,138] [DEBUG] => Пытаюсь получить курс валюты из результатов запроса
[2024-02-09 18:46:32,138] [DEBUG] => Получил курс валюты из результатов запроса
[2024-02-09 18:46:32,138] [INFO] => Получил курс второй валюты из базы
[2024-02-09 18:46:32,138] [INFO] => Пытаюсь записать вторую валюту в redis
[2024-02-09 18:46:32,138] [DEBUG] => Пытаюсь записать курс валюты в redis
[2024-02-09 18:46:32,138] [DEBUG] => Записал курс валюты в redis
[2024-02-09 18:46:32,138] [INFO] => Записал вторую валюту в redis
[2024-02-09 18:46:32,138] [INFO] => Пытаюсь посчитать количество валюты на руки
[2024-02-09 18:46:32,139] [INFO] => Посчитал количество валюты на руки
